<?xml version="1.0" encoding="UTF-8"?>
<!-- Generated by org.testng.reporters.JUnitReportReporter -->
<testsuite hostname="LNAR-5CG2220YMG" failures="0" tests="1" name="Testcases.First" time="0.107" errors="0" timestamp="2025-05-26T12:01:33 EDT" skipped="0">
  <testcase classname="Testcases.First" name="isElementDisplayedTest" time="0.107"/>
</testsuite> <!-- Testcases.First -->
