<?xml version="1.0" encoding="UTF-8"?>
<!-- Generated by org.testng.reporters.JUnitReportReporter -->
<testsuite hostname="LNAR-5CG2220YMG" failures="0" tests="1" name="Testcases.Sort" time="1.487" errors="0" timestamp="2025-05-21T23:35:54 EDT" skipped="0">
  <testcase classname="Testcases.Sort" name="selectanItem" time="1.487"/>
</testsuite> <!-- Testcases.Sort -->
