<?xml version="1.0" encoding="UTF-8"?>
<!-- Generated by org.testng.reporters.JUnitReportReporter -->
<testsuite hostname="LNAR-5CG2220YMG" failures="0" tests="3" name="Testcases.OpenCart" time="0.908" errors="0" timestamp="2025-05-26T12:32:16 EDT" skipped="0">
  <testcase classname="Testcases.OpenCart" name="regPage" time="0.308"/>
  <testcase classname="Testcases.OpenCart" name="regPage" time="0.294"/>
  <testcase classname="Testcases.OpenCart" name="regPage" time="0.306"/>
</testsuite> <!-- Testcases.OpenCart -->
